2020-07-21T16:27:07+00:00 CRITICAL syntax error, unexpected 'wp_enqueue_script' (T_STRING) in C:\xampp\htdocs\mathfashion\wp-content\themes\vw-ecommerce-store-child\functions.php on line 9

2020-07-21T16:27:47+00:00 CRITICAL syntax error, unexpected 'get_stylesheet_directory_uri' (T_STRING), expecting ',' or ')' in C:\xampp\htdocs\mathfashion\wp-content\themes\vw-ecommerce-store-child\functions.php on line 9

2020-07-21T16:40:33+00:00 CRITICAL syntax error, unexpected 'get_stylesheet_directory_uri' (T_STRING), expecting ',' or ')' in C:\xampp\htdocs\mathfashion\wp-content\themes\vw-ecommerce-store-child\functions.php on line 9

2020-07-21T18:39:44+00:00 CRITICAL Uncaught Error: Call to undefined function WP_Query() in C:\xampp\htdocs\mathfashion\wp-content\plugins\custom-main-slider\main-slider.php:82
Stack trace:
#0 C:\xampp\htdocs\mathfashion\wp-includes\shortcodes.php(343): main_slider_shortcode('', '', 'main_slider')
#1 [internal function]: do_shortcode_tag(Array)
#2 C:\xampp\htdocs\mathfashion\wp-includes\shortcodes.php(218): preg_replace_callback('/\\[(\\[?)(main_s...', 'do_shortcode_ta...', '[main_slider]')
#3 C:\xampp\htdocs\mathfashion\wp-content\plugins\elementor\includes\base\widget-base.php(374): do_shortcode('[main_slider]')
#4 C:\xampp\htdocs\mathfashion\wp-content\plugins\elementor\includes\widgets\text-editor.php(396): Elementor\Widget_Base->parse_text_editor('[main_slider]')
#5 C:\xampp\htdocs\mathfashion\wp-content\plugins\elementor\includes\base\widget-base.php(531): Elementor\Widget_Text_Editor->render()
#6 C:\xampp\htdocs\mathfashion\wp-content\plugins\elementor\includes\base\widget-base.php(661): Elementor\Widget_Base->render_content()
#7 C:\xam in C:\xampp\htdocs\mathfashion\wp-content\plugins\custom-main-slider\main-slider.php on line 82

2020-07-21T18:40:07+00:00 CRITICAL Uncaught Error: Call to undefined function get_title() in C:\xampp\htdocs\mathfashion\wp-content\plugins\custom-main-slider\main-slider.php:99
Stack trace:
#0 C:\xampp\htdocs\mathfashion\wp-includes\shortcodes.php(343): main_slider_shortcode('', '', 'main_slider')
#1 [internal function]: do_shortcode_tag(Array)
#2 C:\xampp\htdocs\mathfashion\wp-includes\shortcodes.php(218): preg_replace_callback('/\\[(\\[?)(main_s...', 'do_shortcode_ta...', '[main_slider]')
#3 C:\xampp\htdocs\mathfashion\wp-content\plugins\elementor\includes\base\widget-base.php(374): do_shortcode('[main_slider]')
#4 C:\xampp\htdocs\mathfashion\wp-content\plugins\elementor\includes\widgets\text-editor.php(396): Elementor\Widget_Base->parse_text_editor('[main_slider]')
#5 C:\xampp\htdocs\mathfashion\wp-content\plugins\elementor\includes\base\widget-base.php(531): Elementor\Widget_Text_Editor->render()
#6 C:\xampp\htdocs\mathfashion\wp-content\plugins\elementor\includes\base\widget-base.php(661): Elementor\Widget_Base->render_content()
#7 C:\xa in C:\xampp\htdocs\mathfashion\wp-content\plugins\custom-main-slider\main-slider.php on line 99

